1630010124126	geckodriver	INFO	Listening on 127.0.0.1:56959
1630010127178	mozrunner::runner	INFO	Running command: "C:\\Program Files\\Mozilla Firefox\\firefox.exe" "--marionette" "-foreground" "-no-remote" "-profile" "C:\\Users\\ELTON\\AppData\\Local\\Temp\\rust_mozprofileEazlV3"
1630010127725	Marionette	INFO	Marionette enabled
console.warn: SearchSettings: "get: No settings file exists, new profile?" (new NotFoundError("Could not open the file at C:\\Users\\ELTON\\AppData\\Local\\Temp\\rust_mozprofileEazlV3\\search.json.mozlz4", (void 0)))
1630010132507	Marionette	INFO	Listening on port 54482

###!!! [Child][MessageChannel] Error: (msgtype=0x390097,name=PContent::Msg_InitBackground) Channel closing: too late to send/recv, messages will be lost

1630010133076	RemoteAgent	WARN	TLS certificate errors will be ignored for this session
JavaScript warning: https://www.americanas.com.br/, line 34: unreachable code after return statement
JavaScript warning: https://www.googletagmanager.com/gtm.js?id=GTM-PDFX6WC, line 213: unreachable code after return statement
JavaScript warning: https://www.googletagmanager.com/gtm.js?id=GTM-PDFX6WC, line 213: unreachable code after return statement
1630010146642	Marionette	INFO	Stopped listening on port 54482
JavaScript error: resource:///modules/Interactions.jsm, line 209: NS_ERROR_FAILURE: Component returned failure code: 0x80004005 (NS_ERROR_FAILURE) [nsIUserIdleService.removeIdleObserver]

###!!! [Parent][MessageChannel] Error: (msgtype=0x390076,name=PContent::Msg_DestroyBrowsingContextGroup) Closed channel: cannot send/recv


###!!! [Child][MessageChannel] Error: (msgtype=0x590004,name=PHttpChannel::Msg_Cancel) Channel closing: too late to send/recv, messages will be lost


###!!! [Child][MessageChannel] Error: (msgtype=0x590008,name=PHttpChannel::Msg_DeletingChannel) Channel closing: too late to send/recv, messages will be lost


###!!! [Child][MessageChannel] Error: (msgtype=0x590004,name=PHttpChannel::Msg_Cancel) Channel closing: too late to send/recv, messages will be lost


###!!! [Child][MessageChannel] Error: (msgtype=0x590008,name=PHttpChannel::Msg_DeletingChannel) Channel closing: too late to send/recv, messages will be lost


###!!! [Child][MessageChannel] Error: (msgtype=0x590004,name=PHttpChannel::Msg_Cancel) Channel closing: too late to send/recv, messages will be lost


###!!! [Child][MessageChannel] Error: (msgtype=0x590008,name=PHttpChannel::Msg_DeletingChannel) Channel closing: too late to send/recv, messages will be lost


###!!! [Child][MessageChannel] Error: (msgtype=0x590004,name=PHttpChannel::Msg_Cancel) Channel closing: too late to send/recv, messages will be lost


###!!! [Child][MessageChannel] Error: (msgtype=0x590008,name=PHttpChannel::Msg_DeletingChannel) Channel closing: too late to send/recv, messages will be lost


###!!! [Child][MessageChannel] Error: (msgtype=0x590004,name=PHttpChannel::Msg_Cancel) Channel closing: too late to send/recv, messages will be lost


###!!! [Child][MessageChannel] Error: (msgtype=0x590008,name=PHttpChannel::Msg_DeletingChannel) Channel closing: too late to send/recv, messages will be lost


###!!! [Child][MessageChannel] Error: (msgtype=0x23002E,name=PBrowser::Msg___delete__) Channel closing: too late to send/recv, messages will be lost

