1630009096891	geckodriver	INFO	Listening on 127.0.0.1:50683
1630009099972	mozrunner::runner	INFO	Running command: "C:\\Program Files\\Mozilla Firefox\\firefox.exe" "--marionette" "-foreground" "-no-remote" "-profile" "C:\\Users\\ELTON\\AppData\\Local\\Temp\\rust_mozprofilefgc0St"
1630009100939	Marionette	INFO	Marionette enabled
console.warn: SearchSettings: "get: No settings file exists, new profile?" (new NotFoundError("Could not open the file at C:\\Users\\ELTON\\AppData\\Local\\Temp\\rust_mozprofilefgc0St\\search.json.mozlz4", (void 0)))
1630009105612	Marionette	INFO	Listening on port 51837
1630009105841	RemoteAgent	WARN	TLS certificate errors will be ignored for this session
JavaScript error: https://www.casasbahia.com.br/, line 2719: TypeError: Search is undefined
JavaScript error: https://www.casasbahia.com.br/, line 2746: TypeError: Search is undefined
JavaScript warning: https://www.googletagmanager.com/gtm.js?id=GTM-TZWZD26&l=dataLayer, line 300: unreachable code after return statement
JavaScript warning: https://www.googletagmanager.com/gtm.js?id=GTM-THHLN5V&l=dataLayer, line 351: unreachable code after return statement
JavaScript warning: https://www.googletagmanager.com/gtm.js?id=GTM-TZWZD26&l=dataLayer, line 300: unreachable code after return statement
JavaScript error: , line 0: TypeError: ServiceWorker script at https://www.casasbahia.com.br/akam-sw.js for scope https://www.casasbahia.com.br/ encountered an error during installation.
1630009118111	Marionette	INFO	Stopped listening on port 51837
JavaScript error: resource:///modules/Interactions.jsm, line 209: NS_ERROR_FAILURE: Component returned failure code: 0x80004005 (NS_ERROR_FAILURE) [nsIUserIdleService.removeIdleObserver]
IPDL protocol error: Handler returned error code!

###!!! [Parent][DispatchAsyncMessage] Error: PBackground::Msg_MessagePortForceClose Processing error: message was deserialized, but the handler returned false (indicating failure)

JavaScript error: https://casasbahia1.api.useinsider.com/api/info/frame?id=348&version=1630006961, line 55: TypeError: messageConfig.target is null
JavaScript error: https://www.googletagmanager.com/gtag/js?id=G-DPL4W0QCQ5&l=dataLayer&cx=c, line 37: NS_ERROR_NOT_INITIALIZED: 
JavaScript error: https://casasbahia1.api.useinsider.com/ins.js?id=10004806, line 1: NS_ERROR_NOT_INITIALIZED: 

###!!! [Parent][MessageChannel] Error: (msgtype=0x390076,name=PContent::Msg_DestroyBrowsingContextGroup) Closed channel: cannot send/recv

