1630023300701	geckodriver	INFO	Listening on 127.0.0.1:64639
1630023303788	mozrunner::runner	INFO	Running command: "C:\\Program Files\\Mozilla Firefox\\firefox.exe" "--marionette" "-foreground" "-no-remote" "-profile" "C:\\Users\\ELTON\\AppData\\Local\\Temp\\rust_mozprofileqczCMI"
1630023304280	Marionette	INFO	Marionette enabled
console.warn: SearchSettings: "get: No settings file exists, new profile?" (new NotFoundError("Could not open the file at C:\\Users\\ELTON\\AppData\\Local\\Temp\\rust_mozprofileqczCMI\\search.json.mozlz4", (void 0)))
1630023308253	Marionette	INFO	Listening on port 62652
1630023308596	RemoteAgent	WARN	TLS certificate errors will be ignored for this session
JavaScript warning: https://www.americanas.com.br/, line 34: unreachable code after return statement
JavaScript warning: https://www.googletagmanager.com/gtm.js?id=GTM-PDFX6WC, line 213: unreachable code after return statement
JavaScript warning: https://www.googletagmanager.com/gtm.js?id=GTM-PDFX6WC, line 213: unreachable code after return statement
JavaScript warning: https://www.googletagmanager.com/gtm.js?id=GTM-PDFX6WC, line 213: unreachable code after return statement
JavaScript warning: https://www.americanas.com.br/busca/smartphone-samsung-galaxy-a70?rc=Smartphone+Samsung+Galaxy+A70, line 34: unreachable code after return statement
JavaScript warning: https://www.googletagmanager.com/gtm.js?id=GTM-PDFX6WC, line 213: unreachable code after return statement
1630023338600	Marionette	INFO	Stopped listening on port 62652
JavaScript error: resource:///modules/Interactions.jsm, line 209: NS_ERROR_FAILURE: Component returned failure code: 0x80004005 (NS_ERROR_FAILURE) [nsIUserIdleService.removeIdleObserver]

###!!! [Child][MessageChannel] Error: (msgtype=0x690023,name=PNecko::Msg_RemoveRequestContext) Channel closing: too late to send/recv, messages will be lost


###!!! [Child][RunMessage] Error: Channel closing: too late to send/recv, messages will be lost


###!!! [Child][RunMessage] Error: Channel closing: too late to send/recv, messages will be lost


###!!! [Child][RunMessage] Error: Channel closing: too late to send/recv, messages will be lost


###!!! [Child][RunMessage] Error: Channel closing: too late to send/recv, messages will be lost


###!!! [Parent][MessageChannel] Error: (msgtype=0x390076,name=PContent::Msg_DestroyBrowsingContextGroup) Closed channel: cannot send/recv


###!!! [Child][RunMessage] Error: Channel closing: too late to send/recv, messages will be lost


###!!! [Child][RunMessage] Error: Channel closing: too late to send/recv, messages will be lost


###!!! [Child][RunMessage] Error: Channel closing: too late to send/recv, messages will be lost


###!!! [Child][MessageChannel] Error: (msgtype=0x23002E,name=PBrowser::Msg___delete__) Channel closing: too late to send/recv, messages will be lost

