1630067948836	geckodriver	INFO	Listening on 127.0.0.1:65200
1630067951916	mozrunner::runner	INFO	Running command: "C:\\Program Files\\Mozilla Firefox\\firefox.exe" "--marionette" "-foreground" "-no-remote" "-profile" "C:\\Users\\ELTON\\AppData\\Local\\Temp\\rust_mozprofileCrocR6"
1630067952496	Marionette	INFO	Marionette enabled
console.warn: SearchSettings: "get: No settings file exists, new profile?" (new NotFoundError("Could not open the file at C:\\Users\\ELTON\\AppData\\Local\\Temp\\rust_mozprofileCrocR6\\search.json.mozlz4", (void 0)))
1630067957583	Marionette	INFO	Listening on port 64375
1630067957755	RemoteAgent	WARN	TLS certificate errors will be ignored for this session
JavaScript warning: https://www.googletagmanager.com/gtm.js?id=GTM-W3L5TR8&gtm_auth=&gtm_preview=&gtm_cookies_win=x, line 324: unreachable code after return statement
JavaScript warning: https://www.googletagmanager.com/gtm.js?id=GTM-W3L5TR8&gtm_auth=&gtm_preview=&gtm_cookies_win=x, line 324: unreachable code after return statement
JavaScript error: https://www.kabum.com.br/ line 375 > injectedScript, line 1: ReferenceError: _etmc is not defined
JavaScript error: , line 0: uncaught exception: Object
JavaScript warning: https://www.googletagmanager.com/gtm.js?id=GTM-W3L5TR8&gtm_auth=&gtm_preview=&gtm_cookies_win=x, line 324: unreachable code after return statement
JavaScript error: https://www.kabum.com.br/busca?query=Smartphone+Samsung+Galaxy+A70 line 375 > injectedScript, line 1: ReferenceError: _etmc is not defined
JavaScript warning: https://www.googletagmanager.com/gtm.js?id=GTM-W3L5TR8&gtm_auth=&gtm_preview=&gtm_cookies_win=x, line 324: unreachable code after return statement
1630067971811	Marionette	INFO	Stopped listening on port 64375
JavaScript error: resource:///modules/Interactions.jsm, line 209: NS_ERROR_FAILURE: Component returned failure code: 0x80004005 (NS_ERROR_FAILURE) [nsIUserIdleService.removeIdleObserver]

###!!! [Parent][MessageChannel] Error: (msgtype=0x390076,name=PContent::Msg_DestroyBrowsingContextGroup) Closed channel: cannot send/recv


###!!! [Child][RunMessage] Error: Channel closing: too late to send/recv, messages will be lost


###!!! [Child][RunMessage] Error: Channel closing: too late to send/recv, messages will be lost


###!!! [Child][RunMessage] Error: Channel closing: too late to send/recv, messages will be lost


###!!! [Child][RunMessage] Error: Channel closing: too late to send/recv, messages will be lost


###!!! [Child][RunMessage] Error: Channel closing: too late to send/recv, messages will be lost


###!!! [Child][RunMessage] Error: Channel closing: too late to send/recv, messages will be lost


###!!! [Child][RunMessage] Error: Channel closing: too late to send/recv, messages will be lost


###!!! [Child][RunMessage] Error: Channel closing: too late to send/recv, messages will be lost


###!!! [Child][RunMessage] Error: Channel closing: too late to send/recv, messages will be lost


###!!! [Child][MessageChannel] Error: (msgtype=0x390140,name=PContent::Msg_ScriptError) Channel closing: too late to send/recv, messages will be lost


###!!! [Child][MessageChannel] Error: (msgtype=0x390140,name=PContent::Msg_ScriptError) Channel closing: too late to send/recv, messages will be lost


###!!! [Child][RunMessage] Error: Channel closing: too late to send/recv, messages will be lost


###!!! [Child][RunMessage] Error: Channel closing: too late to send/recv, messages will be lost

