1630024413833	geckodriver	INFO	Listening on 127.0.0.1:64510
1630024416948	mozrunner::runner	INFO	Running command: "C:\\Program Files\\Mozilla Firefox\\firefox.exe" "--marionette" "-foreground" "-no-remote" "-profile" "C:\\Users\\ELTON\\AppData\\Local\\Temp\\rust_mozprofileLaobCN"
1630024417454	Marionette	INFO	Marionette enabled
console.warn: SearchSettings: "get: No settings file exists, new profile?" (new NotFoundError("Could not open the file at C:\\Users\\ELTON\\AppData\\Local\\Temp\\rust_mozprofileLaobCN\\search.json.mozlz4", (void 0)))
1630024421922	Marionette	INFO	Listening on port 54069
1630024422234	RemoteAgent	WARN	TLS certificate errors will be ignored for this session
JavaScript warning: https://www.googletagmanager.com/gtm.js?id=GTM-PDFX6WC, line 214: unreachable code after return statement
JavaScript warning: https://www.googletagmanager.com/gtm.js?id=GTM-PDFX6WC, line 214: unreachable code after return statement
JavaScript warning: https://www.googletagmanager.com/gtm.js?id=GTM-PDFX6WC, line 214: unreachable code after return statement
JavaScript warning: https://www.googletagmanager.com/gtm.js?id=GTM-PDFX6WC, line 214: unreachable code after return statement
1630024448774	Marionette	INFO	Stopped listening on port 54069
JavaScript error: resource:///modules/Interactions.jsm, line 209: NS_ERROR_FAILURE: Component returned failure code: 0x80004005 (NS_ERROR_FAILURE) [nsIUserIdleService.removeIdleObserver]

###!!! [Child][RunMessage] Error: Channel closing: too late to send/recv, messages will be lost


###!!! [Child][RunMessage] Error: Channel closing: too late to send/recv, messages will be lost


###!!! [Child][RunMessage] Error: Channel closing: too late to send/recv, messages will be lost


###!!! [Child][RunMessage] Error: Channel closing: too late to send/recv, messages will be lost


###!!! [Child][RunMessage] Error: Channel closing: too late to send/recv, messages will be lost


###!!! [Child][RunMessage] Error: Channel closing: too late to send/recv, messages will be lost


###!!! [Child][RunMessage] Error: Channel closing: too late to send/recv, messages will be lost


###!!! [Child][RunMessage] Error: Channel closing: too late to send/recv, messages will be lost


###!!! [Child][RunMessage] Error: Channel closing: too late to send/recv, messages will be lost


###!!! [Child][MessageChannel] Error: (msgtype=0x23002E,name=PBrowser::Msg___delete__) Channel closing: too late to send/recv, messages will be lost


###!!! [Parent][MessageChannel] Error: (msgtype=0x390076,name=PContent::Msg_DestroyBrowsingContextGroup) Closed channel: cannot send/recv

